Performing C SOURCE FILE Test CMAKE_HAVE_LIBC_PTHREAD failed with the following output:
Change Dir: /home/cxl/workspace/ORB_SLAM3/Examples/ROS/ORB_SLAM3/build/CMakeFiles/CMakeScratch/TryCompile-nNGNGS

Run Build Command(s):/usr/bin/make -f Makefile cmTC_040df/fast && /usr/bin/make  -f CMakeFiles/cmTC_040df.dir/build.make CMakeFiles/cmTC_040df.dir/build
make[1]: 进入目录“/home/cxl/workspace/ORB_SLAM3/Examples/ROS/ORB_SLAM3/build/CMakeFiles/CMakeScratch/TryCompile-nNGNGS”
Building C object CMakeFiles/cmTC_040df.dir/src.c.o
/usr/bin/cc -DCMAKE_HAVE_LIBC_PTHREAD   -o CMakeFiles/cmTC_040df.dir/src.c.o -c /home/cxl/workspace/ORB_SLAM3/Examples/ROS/ORB_SLAM3/build/CMakeFiles/CMakeScratch/TryCompile-nNGNGS/src.c
Linking C executable cmTC_040df
/home/cxl/.local/lib/python3.8/site-packages/cmake/data/bin/cmake -E cmake_link_script CMakeFiles/cmTC_040df.dir/link.txt --verbose=1
/usr/bin/cc -rdynamic CMakeFiles/cmTC_040df.dir/src.c.o -o cmTC_040df 
/usr/bin/ld: CMakeFiles/cmTC_040df.dir/src.c.o: in function `main':
src.c:(.text+0x3e): undefined reference to `pthread_create'
/usr/bin/ld: src.c:(.text+0x4a): undefined reference to `pthread_detach'
/usr/bin/ld: src.c:(.text+0x56): undefined reference to `pthread_cancel'
/usr/bin/ld: src.c:(.text+0x67): undefined reference to `pthread_join'
collect2: error: ld returned 1 exit status
make[1]: *** [CMakeFiles/cmTC_040df.dir/build.make:99：cmTC_040df] 错误 1
make[1]: 离开目录“/home/cxl/workspace/ORB_SLAM3/Examples/ROS/ORB_SLAM3/build/CMakeFiles/CMakeScratch/TryCompile-nNGNGS”
make: *** [Makefile:127：cmTC_040df/fast] 错误 2


Source file was:
#include <pthread.h>

static void* test_func(void* data)
{
  return data;
}

int main(void)
{
  pthread_t thread;
  pthread_create(&thread, NULL, test_func, NULL);
  pthread_detach(thread);
  pthread_cancel(thread);
  pthread_join(thread, NULL);
  pthread_atfork(NULL, NULL, NULL);
  pthread_exit(NULL);

  return 0;
}


Determining if the function pthread_create exists in the pthreads failed with the following output:
Change Dir: /home/cxl/workspace/ORB_SLAM3/Examples/ROS/ORB_SLAM3/build/CMakeFiles/CMakeScratch/TryCompile-sQmRxS

Run Build Command(s):/usr/bin/make -f Makefile cmTC_21a8a/fast && /usr/bin/make  -f CMakeFiles/cmTC_21a8a.dir/build.make CMakeFiles/cmTC_21a8a.dir/build
make[1]: 进入目录“/home/cxl/workspace/ORB_SLAM3/Examples/ROS/ORB_SLAM3/build/CMakeFiles/CMakeScratch/TryCompile-sQmRxS”
Building C object CMakeFiles/cmTC_21a8a.dir/CheckFunctionExists.c.o
/usr/bin/cc   -DCHECK_FUNCTION_EXISTS=pthread_create -o CMakeFiles/cmTC_21a8a.dir/CheckFunctionExists.c.o -c /home/cxl/workspace/ORB_SLAM3/Examples/ROS/ORB_SLAM3/build/CMakeFiles/CMakeScratch/TryCompile-sQmRxS/CheckFunctionExists.c
Linking C executable cmTC_21a8a
/home/cxl/.local/lib/python3.8/site-packages/cmake/data/bin/cmake -E cmake_link_script CMakeFiles/cmTC_21a8a.dir/link.txt --verbose=1
/usr/bin/cc  -DCHECK_FUNCTION_EXISTS=pthread_create -rdynamic CMakeFiles/cmTC_21a8a.dir/CheckFunctionExists.c.o -o cmTC_21a8a  -lpthreads 
/usr/bin/ld: 找不到 -lpthreads
collect2: error: ld returned 1 exit status
make[1]: *** [CMakeFiles/cmTC_21a8a.dir/build.make:99：cmTC_21a8a] 错误 1
make[1]: 离开目录“/home/cxl/workspace/ORB_SLAM3/Examples/ROS/ORB_SLAM3/build/CMakeFiles/CMakeScratch/TryCompile-sQmRxS”
make: *** [Makefile:127：cmTC_21a8a/fast] 错误 2



