Performing C SOURCE FILE Test CMAKE_HAVE_LIBC_PTHREAD failed with the following output:
Change Dir: /home/cxl/workspace/ORB_SLAM3/build/CMakeFiles/CMakeScratch/TryCompile-LEFrEn

Run Build Command(s):/usr/bin/make -f Makefile cmTC_93f80/fast && /usr/bin/make  -f CMakeFiles/cmTC_93f80.dir/build.make CMakeFiles/cmTC_93f80.dir/build
make[1]: 进入目录“/home/cxl/workspace/ORB_SLAM3/build/CMakeFiles/CMakeScratch/TryCompile-LEFrEn”
Building C object CMakeFiles/cmTC_93f80.dir/src.c.o
/usr/bin/cc -DCMAKE_HAVE_LIBC_PTHREAD  -Wall   -O3  -o CMakeFiles/cmTC_93f80.dir/src.c.o -c /home/cxl/workspace/ORB_SLAM3/build/CMakeFiles/CMakeScratch/TryCompile-LEFrEn/src.c
Linking C executable cmTC_93f80
/home/cxl/.local/lib/python3.8/site-packages/cmake/data/bin/cmake -E cmake_link_script CMakeFiles/cmTC_93f80.dir/link.txt --verbose=1
/usr/bin/cc   -Wall   -O3  -rdynamic CMakeFiles/cmTC_93f80.dir/src.c.o -o cmTC_93f80 
/usr/bin/ld: CMakeFiles/cmTC_93f80.dir/src.c.o: in function `main':
src.c:(.text.startup+0x23): undefined reference to `pthread_create'
/usr/bin/ld: src.c:(.text.startup+0x2c): undefined reference to `pthread_detach'
/usr/bin/ld: src.c:(.text.startup+0x35): undefined reference to `pthread_cancel'
/usr/bin/ld: src.c:(.text.startup+0x40): undefined reference to `pthread_join'
collect2: error: ld returned 1 exit status
make[1]: *** [CMakeFiles/cmTC_93f80.dir/build.make:99：cmTC_93f80] 错误 1
make[1]: 离开目录“/home/cxl/workspace/ORB_SLAM3/build/CMakeFiles/CMakeScratch/TryCompile-LEFrEn”
make: *** [Makefile:127：cmTC_93f80/fast] 错误 2


Source file was:
#include <pthread.h>

static void* test_func(void* data)
{
  return data;
}

int main(void)
{
  pthread_t thread;
  pthread_create(&thread, NULL, test_func, NULL);
  pthread_detach(thread);
  pthread_cancel(thread);
  pthread_join(thread, NULL);
  pthread_atfork(NULL, NULL, NULL);
  pthread_exit(NULL);

  return 0;
}


Determining if the function pthread_create exists in the pthreads failed with the following output:
Change Dir: /home/cxl/workspace/ORB_SLAM3/build/CMakeFiles/CMakeScratch/TryCompile-SUWHqk

Run Build Command(s):/usr/bin/make -f Makefile cmTC_9ad67/fast && /usr/bin/make  -f CMakeFiles/cmTC_9ad67.dir/build.make CMakeFiles/cmTC_9ad67.dir/build
make[1]: 进入目录“/home/cxl/workspace/ORB_SLAM3/build/CMakeFiles/CMakeScratch/TryCompile-SUWHqk”
Building C object CMakeFiles/cmTC_9ad67.dir/CheckFunctionExists.c.o
/usr/bin/cc   -Wall   -O3 -DCHECK_FUNCTION_EXISTS=pthread_create -o CMakeFiles/cmTC_9ad67.dir/CheckFunctionExists.c.o -c /home/cxl/workspace/ORB_SLAM3/build/CMakeFiles/CMakeScratch/TryCompile-SUWHqk/CheckFunctionExists.c
Linking C executable cmTC_9ad67
/home/cxl/.local/lib/python3.8/site-packages/cmake/data/bin/cmake -E cmake_link_script CMakeFiles/cmTC_9ad67.dir/link.txt --verbose=1
/usr/bin/cc   -Wall   -O3 -DCHECK_FUNCTION_EXISTS=pthread_create -rdynamic CMakeFiles/cmTC_9ad67.dir/CheckFunctionExists.c.o -o cmTC_9ad67  -lpthreads 
/usr/bin/ld: 找不到 -lpthreads
collect2: error: ld returned 1 exit status
make[1]: *** [CMakeFiles/cmTC_9ad67.dir/build.make:99：cmTC_9ad67] 错误 1
make[1]: 离开目录“/home/cxl/workspace/ORB_SLAM3/build/CMakeFiles/CMakeScratch/TryCompile-SUWHqk”
make: *** [Makefile:127：cmTC_9ad67/fast] 错误 2



